<?xml version="1.0" encoding="UTF-8"?>
<testng-results skipped="0" failed="1" ignored="0" total="9" passed="8">
  <reporter-output>
  </reporter-output>
  <suite name="Default suite" duration-ms="269411" started-at="2022-01-31T14:55:59 IST" finished-at="2022-01-31T15:00:28 IST">
    <groups>
    </groups>
    <test name="Default test" duration-ms="269411" started-at="2022-01-31T14:55:59 IST" finished-at="2022-01-31T15:00:28 IST">
      <class name="com.orange.test.AddEmployeeTest">
        <test-method status="PASS" signature="setUp()[pri:0, instance:com.orange.test.AddEmployeeTest@3d45bd]" name="setUp" is-config="true" duration-ms="215745" started-at="2022-01-31T14:55:59 IST" finished-at="2022-01-31T14:59:35 IST">
          <reporter-output>
          </reporter-output>
        </test-method> <!-- setUp -->
        <test-method status="FAIL" signature="uplaodfile()[pri:0, instance:com.orange.test.AddEmployeeTest@3d45bd]" name="uplaodfile" duration-ms="6362" started-at="2022-01-31T14:59:35 IST" finished-at="2022-01-31T14:59:41 IST">
          <exception class="org.openqa.selenium.InvalidArgumentException">
            <message>
              <![CDATA[invalid argument: File not found : C:\Users\Smart\Desktop\AutoItScript\fileuploadxyz.exe
  (Session info: chrome=97.0.4692.99)
Build info: version: '3.14.0', revision: 'aacccce0', time: '2018-08-02T20:19:58.91Z'
System info: host: 'MAHESH-PC', ip: '192.168.164.131', os.name: 'Windows 7', os.arch: 'x86', os.version: '6.1', java.version: '1.8.0_321'
Driver info: org.openqa.selenium.chrome.ChromeDriver
Capabilities {acceptInsecureCerts: false, browserName: chrome, browserVersion: 97.0.4692.99, chrome: {chromedriverVersion: 96.0.4664.45 (76e4c1bb2ab46..., userDataDir: C:\Users\mahesh\AppData\Loc...}, goog:chromeOptions: {debuggerAddress: localhost:62695}, javascriptEnabled: true, networkConnectionEnabled: false, pageLoadStrategy: normal, platform: WINDOWS, platformName: WINDOWS, proxy: Proxy(), setWindowRect: true, strictFileInteractability: false, timeouts: {implicit: 0, pageLoad: 300000, script: 30000}, unhandledPromptBehavior: dismiss and notify, webauthn:extension:credBlob: true, webauthn:extension:largeBlob: true, webauthn:virtualAuthenticators: true}
Session ID: 7d3090c941b69d80d63f38826431b342]]>
            </message>
            <full-stacktrace>
              <![CDATA[org.openqa.selenium.InvalidArgumentException: invalid argument: File not found : C:\Users\Smart\Desktop\AutoItScript\fileuploadxyz.exe
  (Session info: chrome=97.0.4692.99)
Build info: version: '3.14.0', revision: 'aacccce0', time: '2018-08-02T20:19:58.91Z'
System info: host: 'MAHESH-PC', ip: '192.168.164.131', os.name: 'Windows 7', os.arch: 'x86', os.version: '6.1', java.version: '1.8.0_321'
Driver info: org.openqa.selenium.chrome.ChromeDriver
Capabilities {acceptInsecureCerts: false, browserName: chrome, browserVersion: 97.0.4692.99, chrome: {chromedriverVersion: 96.0.4664.45 (76e4c1bb2ab46..., userDataDir: C:\Users\mahesh\AppData\Loc...}, goog:chromeOptions: {debuggerAddress: localhost:62695}, javascriptEnabled: true, networkConnectionEnabled: false, pageLoadStrategy: normal, platform: WINDOWS, platformName: WINDOWS, proxy: Proxy(), setWindowRect: true, strictFileInteractability: false, timeouts: {implicit: 0, pageLoad: 300000, script: 30000}, unhandledPromptBehavior: dismiss and notify, webauthn:extension:credBlob: true, webauthn:extension:largeBlob: true, webauthn:virtualAuthenticators: true}
Session ID: 7d3090c941b69d80d63f38826431b342
at sun.reflect.NativeConstructorAccessorImpl.newInstance0(Native Method)
at sun.reflect.NativeConstructorAccessorImpl.newInstance(Unknown Source)
at sun.reflect.DelegatingConstructorAccessorImpl.newInstance(Unknown Source)
at java.lang.reflect.Constructor.newInstance(Unknown Source)
at org.openqa.selenium.remote.http.W3CHttpResponseCodec.createException(W3CHttpResponseCodec.java:187)
at org.openqa.selenium.remote.http.W3CHttpResponseCodec.decode(W3CHttpResponseCodec.java:122)
at org.openqa.selenium.remote.http.W3CHttpResponseCodec.decode(W3CHttpResponseCodec.java:49)
at org.openqa.selenium.remote.HttpCommandExecutor.execute(HttpCommandExecutor.java:158)
at org.openqa.selenium.remote.service.DriverCommandExecutor.execute(DriverCommandExecutor.java:83)
at org.openqa.selenium.remote.RemoteWebDriver.execute(RemoteWebDriver.java:548)
at org.openqa.selenium.remote.RemoteWebElement.execute(RemoteWebElement.java:276)
at org.openqa.selenium.remote.RemoteWebElement.sendKeys(RemoteWebElement.java:100)
at sun.reflect.NativeMethodAccessorImpl.invoke0(Native Method)
at sun.reflect.NativeMethodAccessorImpl.invoke(Unknown Source)
at sun.reflect.DelegatingMethodAccessorImpl.invoke(Unknown Source)
at java.lang.reflect.Method.invoke(Unknown Source)
at org.openqa.selenium.support.pagefactory.internal.LocatingElementHandler.invoke(LocatingElementHandler.java:51)
at com.sun.proxy.$Proxy9.sendKeys(Unknown Source)
at com.orange.pages.AddEmployee.clickOnuplaodPhoto(AddEmployee.java:55)
at com.orange.test.AddEmployeeTest.uplaodfile(AddEmployeeTest.java:74)
at sun.reflect.NativeMethodAccessorImpl.invoke0(Native Method)
at sun.reflect.NativeMethodAccessorImpl.invoke(Unknown Source)
at sun.reflect.DelegatingMethodAccessorImpl.invoke(Unknown Source)
at java.lang.reflect.Method.invoke(Unknown Source)
at org.testng.internal.MethodInvocationHelper.invokeMethod(MethodInvocationHelper.java:133)
at org.testng.internal.TestInvoker.invokeMethod(TestInvoker.java:598)
at org.testng.internal.TestInvoker.invokeTestMethod(TestInvoker.java:173)
at org.testng.internal.MethodRunner.runInSequence(MethodRunner.java:46)
at org.testng.internal.TestInvoker$MethodInvocationAgent.invoke(TestInvoker.java:824)
at org.testng.internal.TestInvoker.invokeTestMethods(TestInvoker.java:146)
at org.testng.internal.TestMethodWorker.invokeTestMethods(TestMethodWorker.java:146)
at org.testng.internal.TestMethodWorker.run(TestMethodWorker.java:128)
at java.util.ArrayList.forEach(Unknown Source)
at org.testng.TestRunner.privateRun(TestRunner.java:794)
at org.testng.TestRunner.run(TestRunner.java:596)
at org.testng.SuiteRunner.runTest(SuiteRunner.java:377)
at org.testng.SuiteRunner.runSequentially(SuiteRunner.java:371)
at org.testng.SuiteRunner.privateRun(SuiteRunner.java:332)
at org.testng.SuiteRunner.run(SuiteRunner.java:276)
at org.testng.SuiteRunnerWorker.runSuite(SuiteRunnerWorker.java:53)
at org.testng.SuiteRunnerWorker.run(SuiteRunnerWorker.java:96)
at org.testng.TestNG.runSuitesSequentially(TestNG.java:1212)
at org.testng.TestNG.runSuitesLocally(TestNG.java:1134)
at org.testng.TestNG.runSuites(TestNG.java:1063)
at org.testng.TestNG.run(TestNG.java:1031)
at org.testng.remote.AbstractRemoteTestNG.run(AbstractRemoteTestNG.java:115)
at org.testng.remote.RemoteTestNG.initAndRun(RemoteTestNG.java:251)
at org.testng.remote.RemoteTestNG.main(RemoteTestNG.java:77)
]]>
            </full-stacktrace>
          </exception> <!-- org.openqa.selenium.InvalidArgumentException -->
          <reporter-output>
          </reporter-output>
        </test-method> <!-- uplaodfile -->
        <test-method status="PASS" signature="verifyaddEmployee(java.lang.String,java.lang.String,java.lang.String,java.lang.String)[pri:0, instance:com.orange.test.AddEmployeeTest@3d45bd]" name="verifyaddEmployee" duration-ms="5493" started-at="2022-01-31T14:59:45 IST" data-provider="excelDataItrator" finished-at="2022-01-31T14:59:51 IST">
          <params>
            <param index="0">
              <value>
                <![CDATA[Deepak ]]>
              </value>
            </param>
            <param index="1">
              <value>
                <![CDATA[Jalindar]]>
              </value>
            </param>
            <param index="2">
              <value>
                <![CDATA[Dange]]>
              </value>
            </param>
            <param index="3">
              <value>
                <![CDATA[A211]]>
              </value>
            </param>
          </params>
          <reporter-output>
          </reporter-output>
        </test-method> <!-- verifyaddEmployee -->
        <test-method status="PASS" signature="verifyaddEmployee(java.lang.String,java.lang.String,java.lang.String,java.lang.String)[pri:0, instance:com.orange.test.AddEmployeeTest@3d45bd]" name="verifyaddEmployee" duration-ms="5566" started-at="2022-01-31T14:59:51 IST" data-provider="excelDataItrator" finished-at="2022-01-31T14:59:56 IST">
          <params>
            <param index="0">
              <value>
                <![CDATA[Ashwini]]>
              </value>
            </param>
            <param index="1">
              <value>
                <![CDATA[Deepak]]>
              </value>
            </param>
            <param index="2">
              <value>
                <![CDATA[Dange]]>
              </value>
            </param>
            <param index="3">
              <value>
                <![CDATA[A212]]>
              </value>
            </param>
          </params>
          <reporter-output>
          </reporter-output>
        </test-method> <!-- verifyaddEmployee -->
        <test-method status="PASS" signature="verifyaddEmployee(java.lang.String,java.lang.String,java.lang.String,java.lang.String)[pri:0, instance:com.orange.test.AddEmployeeTest@3d45bd]" name="verifyaddEmployee" duration-ms="8125" started-at="2022-01-31T14:59:56 IST" data-provider="excelDataItrator" finished-at="2022-01-31T15:00:04 IST">
          <params>
            <param index="0">
              <value>
                <![CDATA[Devansh]]>
              </value>
            </param>
            <param index="1">
              <value>
                <![CDATA[Deepak]]>
              </value>
            </param>
            <param index="2">
              <value>
                <![CDATA[Dange]]>
              </value>
            </param>
            <param index="3">
              <value>
                <![CDATA[A213]]>
              </value>
            </param>
          </params>
          <reporter-output>
          </reporter-output>
        </test-method> <!-- verifyaddEmployee -->
        <test-method status="PASS" signature="verifyaddEmployee(java.lang.String,java.lang.String,java.lang.String,java.lang.String)[pri:0, instance:com.orange.test.AddEmployeeTest@3d45bd]" name="verifyaddEmployee" duration-ms="4822" started-at="2022-01-31T15:00:04 IST" data-provider="excelDataItrator" finished-at="2022-01-31T15:00:09 IST">
          <params>
            <param index="0">
              <value>
                <![CDATA[jay]]>
              </value>
            </param>
            <param index="1">
              <value>
                <![CDATA[ganesh]]>
              </value>
            </param>
            <param index="2">
              <value>
                <![CDATA[kolhe]]>
              </value>
            </param>
            <param index="3">
              <value>
                <![CDATA[A214]]>
              </value>
            </param>
          </params>
          <reporter-output>
          </reporter-output>
        </test-method> <!-- verifyaddEmployee -->
        <test-method status="PASS" signature="verifyaddEmployee(java.lang.String,java.lang.String,java.lang.String,java.lang.String)[pri:0, instance:com.orange.test.AddEmployeeTest@3d45bd]" name="verifyaddEmployee" duration-ms="4314" started-at="2022-01-31T15:00:09 IST" data-provider="excelDataItrator" finished-at="2022-01-31T15:00:13 IST">
          <params>
            <param index="0">
              <value>
                <![CDATA[badri]]>
              </value>
            </param>
            <param index="1">
              <value>
                <![CDATA[prakash]]>
              </value>
            </param>
            <param index="2">
              <value>
                <![CDATA[patil]]>
              </value>
            </param>
            <param index="3">
              <value>
                <![CDATA[A3237]]>
              </value>
            </param>
          </params>
          <reporter-output>
          </reporter-output>
        </test-method> <!-- verifyaddEmployee -->
        <test-method status="PASS" signature="verifyaddEmployee(java.lang.String,java.lang.String,java.lang.String,java.lang.String)[pri:0, instance:com.orange.test.AddEmployeeTest@3d45bd]" name="verifyaddEmployee" duration-ms="4987" started-at="2022-01-31T15:00:13 IST" data-provider="excelDataItrator" finished-at="2022-01-31T15:00:18 IST">
          <params>
            <param index="0">
              <value>
                <![CDATA[suraj]]>
              </value>
            </param>
            <param index="1">
              <value>
                <![CDATA[vitthal]]>
              </value>
            </param>
            <param index="2">
              <value>
                <![CDATA[pentewad]]>
              </value>
            </param>
            <param index="3">
              <value>
                <![CDATA[A255]]>
              </value>
            </param>
          </params>
          <reporter-output>
          </reporter-output>
        </test-method> <!-- verifyaddEmployee -->
        <test-method status="PASS" signature="verifyaddEmployee(java.lang.String,java.lang.String,java.lang.String,java.lang.String)[pri:0, instance:com.orange.test.AddEmployeeTest@3d45bd]" name="verifyaddEmployee" duration-ms="4633" started-at="2022-01-31T15:00:18 IST" data-provider="excelDataItrator" finished-at="2022-01-31T15:00:23 IST">
          <params>
            <param index="0">
              <value>
                <![CDATA[megna]]>
              </value>
            </param>
            <param index="1">
              <value>
                <![CDATA[a]]>
              </value>
            </param>
            <param index="2">
              <value>
                <![CDATA[totre]]>
              </value>
            </param>
            <param index="3">
              <value>
                <![CDATA[A145]]>
              </value>
            </param>
          </params>
          <reporter-output>
          </reporter-output>
        </test-method> <!-- verifyaddEmployee -->
        <test-method status="PASS" signature="verifyaddEmployee(java.lang.String,java.lang.String,java.lang.String,java.lang.String)[pri:0, instance:com.orange.test.AddEmployeeTest@3d45bd]" name="verifyaddEmployee" duration-ms="5003" started-at="2022-01-31T15:00:23 IST" data-provider="excelDataItrator" finished-at="2022-01-31T15:00:28 IST">
          <params>
            <param index="0">
              <value>
                <![CDATA[onkar]]>
              </value>
            </param>
            <param index="1">
              <value>
                <![CDATA[a]]>
              </value>
            </param>
            <param index="2">
              <value>
                <![CDATA[a]]>
              </value>
            </param>
            <param index="3">
              <value>
                <![CDATA[A145]]>
              </value>
            </param>
          </params>
          <reporter-output>
          </reporter-output>
        </test-method> <!-- verifyaddEmployee -->
      </class> <!-- com.orange.test.AddEmployeeTest -->
    </test> <!-- Default test -->
  </suite> <!-- Default suite -->
</testng-results>
